<?xml version="1.0" encoding="UTF-8"?>
<testsuite xmlns:xsi="http://www.w3.org/2001/XMLSchema-instance" xsi:noNamespaceSchemaLocation="https://maven.apache.org/surefire/maven-surefire-plugin/xsd/surefire-test-report.xsd" version="3.0.2" name="by.backend.FamilytreeApplicationTests" time="38.648" tests="1" errors="0" skipped="0" failures="0">
  <properties>
[...]
</properties>
  <testcase name="contextLoads" classname="by.backend.FamilytreeApplicationTests" time="2.013">
    <system-out><![CDATA[15:08:13.286 [main] INFO org.springframework.test.context.support.AnnotationConfigContextLoaderUtils -- Could not detect default configuration classes for test class [by.backend.FamilytreeApplicationTests]: FamilytreeApplicationTests does not declare any static, non-private, non-final, nested classes annotated with @Configuration.
15:08:13.581 [main] INFO org.springframework.boot.test.context.SpringBootTestContextBootstrapper -- Found @SpringBootConfiguration by.backend.FamilyTreeApplication for test class by.backend.FamilytreeApplicationTests

  .   ____          _            __ _ _
 /\\ / ___'_ __ _ _(_)_ __  __ _ \ \ \ \
( ( )\___ | '_ | '_| | '_ \/ _` | \ \ \ \
 \\/  ___)| |_)| | | | | || (_| |  ) ) ) )
  '  |____| .__|_| |_|_| |_\__, | / / / /
 =========|_|==============|___/=/_/_/_/

 :: Spring Boot ::                (v3.5.0)

2025-05-24T15:08:14.985+03:00  INFO 44720 --- [           main] by.backend.FamilytreeApplicationTests    : Starting FamilytreeApplicationTests using Java 24.0.1 with PID 44720 (started by recte in C:\Users\recte\Desktop\familytree\backend)
2025-05-24T15:08:14.988+03:00  INFO 44720 --- [           main] by.backend.FamilytreeApplicationTests    : No active profile set, falling back to 1 default profile: "default"
2025-05-24T15:08:17.791+03:00  INFO 44720 --- [           main] .s.d.r.c.RepositoryConfigurationDelegate : Bootstrapping Spring Data JPA repositories in DEFAULT mode.
2025-05-24T15:08:18.043+03:00  INFO 44720 --- [           main] .s.d.r.c.RepositoryConfigurationDelegate : Finished Spring Data repository scanning in 216 ms. Found 4 JPA repository interfaces.
2025-05-24T15:08:19.439+03:00  INFO 44720 --- [           main] o.hibernate.jpa.internal.util.LogHelper  : HHH000204: Processing PersistenceUnitInfo [name: default]
2025-05-24T15:08:19.570+03:00  INFO 44720 --- [           main] org.hibernate.Version                    : HHH000412: Hibernate ORM core version 6.6.15.Final
2025-05-24T15:08:19.649+03:00  INFO 44720 --- [           main] o.h.c.internal.RegionFactoryInitiator    : HHH000026: Second-level cache disabled
2025-05-24T15:08:20.331+03:00  INFO 44720 --- [           main] o.s.o.j.p.SpringPersistenceUnitInfo      : No LoadTimeWeaver setup: ignoring JPA class transformer
2025-05-24T15:08:20.403+03:00  INFO 44720 --- [           main] com.zaxxer.hikari.HikariDataSource       : HikariPool-1 - Starting...
2025-05-24T15:08:20.870+03:00  INFO 44720 --- [           main] com.zaxxer.hikari.pool.HikariPool        : HikariPool-1 - Added connection org.postgresql.jdbc.PgConnection@775c4054
2025-05-24T15:08:20.874+03:00  INFO 44720 --- [           main] com.zaxxer.hikari.HikariDataSource       : HikariPool-1 - Start completed.
2025-05-24T15:08:20.965+03:00  WARN 44720 --- [           main] org.hibernate.orm.deprecation            : HHH90000025: PostgreSQLDialect does not need to be specified explicitly using 'hibernate.dialect' (remove the property setting and it will be selected by default)
2025-05-24T15:08:21.022+03:00  INFO 44720 --- [           main] org.hibernate.orm.connections.pooling    : HHH10001005: Database info:
	Database JDBC URL [Connecting through datasource 'HikariDataSource (HikariPool-1)']
	Database driver: undefined/unknown
	Database version: 17.0
	Autocommit mode: undefined/unknown
	Isolation level: undefined/unknown
	Minimum pool size: undefined/unknown
	Maximum pool size: undefined/unknown
2025-05-24T15:08:23.568+03:00  INFO 44720 --- [           main] o.h.e.t.j.p.i.JtaPlatformInitiator       : HHH000489: No JTA platform available (set 'hibernate.transaction.jta.platform' to enable JTA platform integration)
2025-05-24T15:08:24.101+03:00  INFO 44720 --- [           main] j.LocalContainerEntityManagerFactoryBean : Initialized JPA EntityManagerFactory for persistence unit 'default'
2025-05-24T15:08:24.930+03:00  INFO 44720 --- [           main] o.s.d.j.r.query.QueryEnhancerFactory     : Hibernate is in classpath; If applicable, HQL parser will be used.
2025-05-24T15:08:28.103+03:00  INFO 44720 --- [           main] b.backend.service.game.GameServiceImpl   : GameService ba�lat�l�yor, ba�lang�� i�lemleri...
2025-05-24T15:08:28.106+03:00  INFO 44720 --- [onPool-worker-1] b.backend.service.game.GameServiceImpl   : Aktif ki�i �nbelle�i yenileniyor...
2025-05-24T15:08:28.109+03:00  INFO 44720 --- [           main] b.backend.service.game.GameServiceImpl   : Periyodik g�revler (soru ve ki�i �nbelle�i yenileme) ayarland�. Yenileme aral���: 5 dakika.
2025-05-24T15:08:28.130+03:00  INFO 44720 --- [onPool-worker-1] o.s.b.f.s.DefaultListableBeanFactory     : Obtaining singleton bean 'transactionManager' in thread "ForkJoinPool.commonPool-worker-1" while other thread holds singleton lock for other beans [gameServiceImpl]
2025-05-24T15:08:28.137+03:00  INFO 44720 --- [onPool-worker-1] o.s.b.f.s.DefaultListableBeanFactory     : Obtaining singleton bean 'platformTransactionManagerCustomizers' in thread "ForkJoinPool.commonPool-worker-1" while other thread holds singleton lock for other beans [gameServiceImpl]
2025-05-24T15:08:28.137+03:00  INFO 44720 --- [onPool-worker-1] o.s.b.f.s.DefaultListableBeanFactory     : Obtaining singleton bean 'org.springframework.boot.autoconfigure.transaction.TransactionManagerCustomizationAutoConfiguration' in thread "ForkJoinPool.commonPool-worker-1" while other thread holds singleton lock for other beans [gameServiceImpl]
2025-05-24T15:08:28.141+03:00  INFO 44720 --- [onPool-worker-1] o.s.b.f.s.DefaultListableBeanFactory     : Obtaining singleton bean 'transactionExecutionListeners' in thread "ForkJoinPool.commonPool-worker-1" while other thread holds singleton lock for other beans [gameServiceImpl]
2025-05-24T15:08:28.149+03:00  INFO 44720 --- [onPool-worker-1] o.s.b.f.s.DefaultListableBeanFactory     : Obtaining singleton bean 'spring.transaction-org.springframework.boot.autoconfigure.transaction.TransactionProperties' in thread "ForkJoinPool.commonPool-worker-1" while other thread holds singleton lock for other beans [personServiceImpl]
2025-05-24T15:08:28.844+03:00  INFO 44720 --- [onPool-worker-1] o.s.b.f.s.DefaultListableBeanFactory     : Obtaining singleton bean 'simpleMeterRegistry' in thread "ForkJoinPool.commonPool-worker-1" while other thread holds singleton lock for other beans [tomcatServletWebServerFactory]
2025-05-24T15:08:28.844+03:00  INFO 44720 --- [onPool-worker-1] o.s.b.f.s.DefaultListableBeanFactory     : Obtaining singleton bean 'org.springframework.boot.actuate.autoconfigure.metrics.export.simple.SimpleMetricsExportAutoConfiguration' in thread "ForkJoinPool.commonPool-worker-1" while other thread holds singleton lock for other beans [tomcatServletWebServerFactory]
2025-05-24T15:08:28.847+03:00  INFO 44720 --- [onPool-worker-1] o.s.b.f.s.DefaultListableBeanFactory     : Obtaining singleton bean 'simpleConfig' in thread "ForkJoinPool.commonPool-worker-1" while other thread holds singleton lock for other beans [tomcatServletWebServerFactory]
2025-05-24T15:08:28.849+03:00  INFO 44720 --- [onPool-worker-1] o.s.b.f.s.DefaultListableBeanFactory     : Obtaining singleton bean 'management.simple.metrics.export-org.springframework.boot.actuate.autoconfigure.metrics.export.simple.SimpleProperties' in thread "ForkJoinPool.commonPool-worker-1" while other thread holds singleton lock for other beans [tomcatServletWebServerFactory]
2025-05-24T15:08:28.907+03:00  INFO 44720 --- [onPool-worker-1] o.s.b.f.s.DefaultListableBeanFactory     : Obtaining singleton bean 'micrometerClock' in thread "ForkJoinPool.commonPool-worker-1" while other thread holds singleton lock for other beans [errorPageCustomizer, tomcatServletWebServerFactory, dispatcherServlet, dispatcherServletRegistration]
2025-05-24T15:08:28.908+03:00  INFO 44720 --- [onPool-worker-1] o.s.b.f.s.DefaultListableBeanFactory     : Obtaining singleton bean 'org.springframework.boot.actuate.autoconfigure.metrics.MetricsAutoConfiguration' in thread "ForkJoinPool.commonPool-worker-1" while other thread holds singleton lock for other beans [errorPageCustomizer, tomcatServletWebServerFactory, dispatcherServlet, dispatcherServletRegistration]
2025-05-24T15:08:29.007+03:00  INFO 44720 --- [onPool-worker-1] o.s.b.f.s.DefaultListableBeanFactory     : Obtaining singleton bean 'propertiesMeterFilter' in thread "ForkJoinPool.commonPool-worker-1" while other thread holds singleton lock for other beans [tomcatServletWebServerFactory]
2025-05-24T15:08:29.042+03:00  INFO 44720 --- [onPool-worker-1] o.s.b.f.s.DefaultListableBeanFactory     : Obtaining singleton bean 'metricsHttpClientUriTagFilter' in thread "ForkJoinPool.commonPool-worker-1" while other thread holds singleton lock for other beans [org.springframework.boot.autoconfigure.task.TaskExecutorConfigurations$SimpleAsyncTaskExecutorBuilderConfiguration]
2025-05-24T15:08:29.043+03:00  INFO 44720 --- [           main] o.s.b.f.s.DefaultListableBeanFactory     : Obtaining singleton bean 'simpleAsyncTaskExecutorBuilder' in thread "main" while other thread holds singleton lock for other beans [org.springframework.boot.actuate.autoconfigure.observation.web.client.HttpClientObservationsAutoConfiguration$MeterFilterConfiguration]
2025-05-24T15:08:29.051+03:00  INFO 44720 --- [           main] o.s.b.f.s.DefaultListableBeanFactory     : Obtaining singleton bean 'org.springframework.boot.autoconfigure.task.TaskExecutorConfigurations$AsyncConfigurerConfiguration' in thread "main" while other thread holds singleton lock for other beans [management.observations-org.springframework.boot.actuate.autoconfigure.observation.ObservationProperties]
2025-05-24T15:08:29.052+03:00  INFO 44720 --- [           main] o.s.b.f.s.DefaultListableBeanFactory     : Obtaining singleton bean 'applicationTaskExecutorAsyncConfigurer' in thread "main" while other thread holds singleton lock for other beans [management.observations-org.springframework.boot.actuate.autoconfigure.observation.ObservationProperties]
2025-05-24T15:08:29.064+03:00  INFO 44720 --- [onPool-worker-1] o.s.b.f.s.DefaultListableBeanFactory     : Obtaining singleton bean 'metricsHttpServerUriTagFilter' in thread "ForkJoinPool.commonPool-worker-1" while other thread holds singleton lock for other beans [defaultValidator]
2025-05-24T15:08:29.065+03:00  INFO 44720 --- [onPool-worker-1] o.s.b.f.s.DefaultListableBeanFactory     : Obtaining singleton bean 'org.springframework.boot.actuate.autoconfigure.observation.web.servlet.WebMvcObservationAutoConfiguration$MeterFilterConfiguration' in thread "ForkJoinPool.commonPool-worker-1" while other thread holds singleton lock for other beans [defaultValidator]
2025-05-24T15:08:29.153+03:00  INFO 44720 --- [onPool-worker-1] b.backend.service.game.GameServiceImpl   : Aktif ki�i �nbelle�i 52 ki�i ile yenilendi. S�re: 1043ms
2025-05-24T15:08:29.159+03:00  INFO 44720 --- [onPool-worker-1] b.backend.service.game.GameServiceImpl   : Aktif ki�i �nbelle�i ilk kez dolduruldu. Boyut: 52
2025-05-24T15:08:29.161+03:00  INFO 44720 --- [onPool-worker-1] b.backend.service.game.GameServiceImpl   : HARD zorlu�u i�in ba�lang�� sorular� �retimi ba�lad�...
2025-05-24T15:08:29.301+03:00  INFO 44720 --- [onPool-worker-2] b.backend.service.game.GameServiceImpl   : EASY zorlu�u i�in ba�lang�� sorular� �retimi ba�lad�...
2025-05-24T15:08:29.959+03:00  INFO 44720 --- [onPool-worker-3] b.backend.service.game.GameServiceImpl   : MEDIUM zorlu�u i�in ba�lang�� sorular� �retimi ba�lad�...
2025-05-24T15:08:30.451+03:00  INFO 44720 --- [onPool-worker-1] b.backend.service.game.GameServiceImpl   : �li�ki karma��kl���: P1:36, P2:42, �li�ki:'relationship.indirect.found', Kategori:other, Yol:4, Karma��kl�k:4
2025-05-24T15:08:30.765+03:00  INFO 44720 --- [onPool-worker-2] b.backend.service.game.GameServiceImpl   : �li�ki karma��kl���: P1:3, P2:51, �li�ki:'relationship.indirect.found', Kategori:other, Yol:5, Karma��kl�k:5
2025-05-24T15:08:30.860+03:00  INFO 44720 --- [onPool-worker-1] b.backend.service.game.GameServiceImpl   : Nihai se�enekler (P1:36, P2:42, Key:'relationship.indirect.found', Do�ru:'relationship.indirect.path_found') - Toplam: 4
2025-05-24T15:08:30.862+03:00  INFO 44720 --- [onPool-worker-1] b.backend.service.game.GameServiceImpl   : Ge�erli soru �retildi: ID 36_42, P1:36, P2:42, Zorluk: HARD, Cevap Key: relationship.indirect.found
2025-05-24T15:08:31.213+03:00  INFO 44720 --- [onPool-worker-2] b.backend.service.game.GameServiceImpl   : �li�ki karma��kl���: P1:36, P2:44, �li�ki:'relationship.indirect.found', Kategori:other, Yol:4, Karma��kl�k:4
2025-05-24T15:08:31.868+03:00  INFO 44720 --- [onPool-worker-2] b.backend.service.game.GameServiceImpl   : �li�ki karma��kl���: P1:10, P2:12, �li�ki:'relationship.indirect.found', Kategori:other, Yol:2, Karma��kl�k:2
2025-05-24T15:08:31.912+03:00  INFO 44720 --- [onPool-worker-1] b.backend.service.game.GameServiceImpl   : �li�ki karma��kl���: P1:11, P2:6, �li�ki:'relationship.reverse.parent_ch�ld', Kategori:other, Yol:1, Karma��kl�k:1
2025-05-24T15:08:31.969+03:00  INFO 44720 --- [onPool-worker-2] b.backend.service.game.GameServiceImpl   : Nihai se�enekler (P1:10, P2:12, Key:'relationship.indirect.found', Do�ru:'relationship.indirect.path_found') - Toplam: 4
2025-05-24T15:08:31.971+03:00  INFO 44720 --- [onPool-worker-2] b.backend.service.game.GameServiceImpl   : Ge�erli soru �retildi: ID 10_12, P1:10, P2:12, Zorluk: EASY, Cevap Key: relationship.indirect.found
2025-05-24T15:08:32.083+03:00  INFO 44720 --- [onPool-worker-1] b.backend.service.game.GameServiceImpl   : �li�ki karma��kl���: P1:23, P2:4, �li�ki:'relationship.indirect.found', Kategori:other, Yol:3, Karma��kl�k:3
2025-05-24T15:08:32.167+03:00  INFO 44720 --- [onPool-worker-1] b.backend.service.game.GameServiceImpl   : Nihai se�enekler (P1:23, P2:4, Key:'relationship.indirect.found', Do�ru:'relationship.indirect.path_found') - Toplam: 4
2025-05-24T15:08:32.167+03:00  INFO 44720 --- [onPool-worker-1] b.backend.service.game.GameServiceImpl   : Ge�erli soru �retildi: ID 23_4, P1:23, P2:4, Zorluk: HARD, Cevap Key: relationship.indirect.found
2025-05-24T15:08:32.392+03:00  INFO 44720 --- [onPool-worker-2] b.backend.service.game.GameServiceImpl   : �li�ki karma��kl���: P1:40, P2:28, �li�ki:'relationship.distant_blood_relative', Kategori:distant, Yol:4, Karma��kl�k:4
2025-05-24T15:08:32.498+03:00  INFO 44720 --- [onPool-worker-1] b.backend.service.game.GameServiceImpl   : �li�ki karma��kl���: P1:31, P2:35, �li�ki:'relationship.indirect.found', Kategori:other, Yol:4, Karma��kl�k:4
2025-05-24T15:08:32.631+03:00  INFO 44720 --- [onPool-worker-1] b.backend.service.game.GameServiceImpl   : Nihai se�enekler (P1:31, P2:35, Key:'relationship.indirect.found', Do�ru:'relationship.indirect.path_found') - Toplam: 4
2025-05-24T15:08:32.632+03:00  INFO 44720 --- [onPool-worker-1] b.backend.service.game.GameServiceImpl   : Ge�erli soru �retildi: ID 31_35, P1:31, P2:35, Zorluk: HARD, Cevap Key: relationship.indirect.found
2025-05-24T15:08:33.146+03:00  INFO 44720 --- [onPool-worker-3] b.backend.service.game.GameServiceImpl   : �li�ki karma��kl���: P1:26, P2:34, �li�ki:'relationship.indirect.found', Kategori:other, Yol:4, Karma��kl�k:4
2025-05-24T15:08:33.394+03:00  INFO 44720 --- [onPool-worker-2] b.backend.service.game.GameServiceImpl   : �li�ki karma��kl���: P1:9, P2:43, �li�ki:'relationship.indirect.found', Kategori:other, Yol:5, Karma��kl�k:5
2025-05-24T15:08:33.405+03:00  INFO 44720 --- [onPool-worker-3] b.backend.service.game.GameServiceImpl   : �li�ki karma��kl���: P1:31, P2:23, �li�ki:'relationship.indirect.found', Kategori:other, Yol:5, Karma��kl�k:5
2025-05-24T15:08:33.554+03:00  INFO 44720 --- [onPool-worker-2] b.backend.service.game.GameServiceImpl   : �li�ki karma��kl���: P1:4, P2:28, �li�ki:'relationship.grandchild', Kategori:grandchild, Yol:2, Karma��kl�k:2
2025-05-24T15:08:33.562+03:00  INFO 44720 --- [onPool-worker-2] b.backend.service.game.GameServiceImpl   : Nihai se�enekler (P1:4, P2:28, Key:'relationship.grandchild', Do�ru:'relationship.grandchild') - Toplam: 4
2025-05-24T15:08:33.562+03:00  INFO 44720 --- [onPool-worker-2] b.backend.service.game.GameServiceImpl   : Ge�erli soru �retildi: ID 4_28, P1:4, P2:28, Zorluk: EASY, Cevap Key: relationship.grandchild
2025-05-24T15:08:33.641+03:00  INFO 44720 --- [onPool-worker-3] b.backend.service.game.GameServiceImpl   : �li�ki karma��kl���: P1:28, P2:8, �li�ki:'relationship.indirect.found', Kategori:other, Yol:3, Karma��kl�k:3
2025-05-24T15:08:33.752+03:00  INFO 44720 --- [onPool-worker-3] b.backend.service.game.GameServiceImpl   : Nihai se�enekler (P1:28, P2:8, Key:'relationship.indirect.found', Do�ru:'relationship.indirect.path_found') - Toplam: 4
2025-05-24T15:08:33.754+03:00  INFO 44720 --- [onPool-worker-3] b.backend.service.game.GameServiceImpl   : Ge�erli soru �retildi: ID 28_8, P1:28, P2:8, Zorluk: MEDIUM, Cevap Key: relationship.indirect.found
2025-05-24T15:08:33.961+03:00  INFO 44720 --- [onPool-worker-2] b.backend.service.game.GameServiceImpl   : �li�ki karma��kl���: P1:32, P2:35, �li�ki:'relationship.indirect.found', Kategori:other, Yol:4, Karma��kl�k:4
2025-05-24T15:08:34.193+03:00  INFO 44720 --- [onPool-worker-3] b.backend.service.game.GameServiceImpl   : �li�ki karma��kl���: P1:3, P2:11, �li�ki:'relationship.indirect.found', Kategori:other, Yol:3, Karma��kl�k:3
2025-05-24T15:08:34.238+03:00  INFO 44720 --- [onPool-worker-2] b.backend.service.game.GameServiceImpl   : �li�ki karma��kl���: P1:44, P2:10, �li�ki:'relationship.indirect.found', Kategori:other, Yol:3, Karma��kl�k:3
2025-05-24T15:08:34.404+03:00  INFO 44720 --- [onPool-worker-3] b.backend.service.game.GameServiceImpl   : Nihai se�enekler (P1:3, P2:11, Key:'relationship.indirect.found', Do�ru:'relationship.indirect.path_found') - Toplam: 4
2025-05-24T15:08:34.405+03:00  INFO 44720 --- [onPool-worker-3] b.backend.service.game.GameServiceImpl   : Ge�erli soru �retildi: ID 3_11, P1:3, P2:11, Zorluk: MEDIUM, Cevap Key: relationship.indirect.found
2025-05-24T15:08:34.615+03:00  INFO 44720 --- [onPool-worker-3] b.backend.service.game.GameServiceImpl   : �li�ki karma��kl���: P1:44, P2:8, �li�ki:'relationship.indirect.found', Kategori:other, Yol:5, Karma��kl�k:5
2025-05-24T15:08:34.738+03:00  INFO 44720 --- [onPool-worker-2] b.backend.service.game.GameServiceImpl   : �li�ki karma��kl���: P1:7, P2:43, �li�ki:'relationship.indirect.found', Kategori:other, Yol:5, Karma��kl�k:5
2025-05-24T15:08:35.060+03:00  INFO 44720 --- [onPool-worker-3] b.backend.service.game.GameServiceImpl   : �li�ki karma��kl���: P1:9, P2:5, �li�ki:'relationship.indirect.found', Kategori:other, Yol:3, Karma��kl�k:3
2025-05-24T15:08:35.193+03:00  INFO 44720 --- [onPool-worker-3] b.backend.service.game.GameServiceImpl   : Nihai se�enekler (P1:9, P2:5, Key:'relationship.indirect.found', Do�ru:'relationship.indirect.path_found') - Toplam: 4
2025-05-24T15:08:35.193+03:00  INFO 44720 --- [onPool-worker-3] b.backend.service.game.GameServiceImpl   : Ge�erli soru �retildi: ID 9_5, P1:9, P2:5, Zorluk: MEDIUM, Cevap Key: relationship.indirect.found
2025-05-24T15:08:35.308+03:00  INFO 44720 --- [onPool-worker-2] b.backend.service.game.GameServiceImpl   : �li�ki karma��kl���: P1:7, P2:23, �li�ki:'relationship.inlaw.father', Kategori:inlaw, Yol:2, Karma��kl�k:3
2025-05-24T15:08:35.322+03:00  INFO 44720 --- [onPool-worker-1] b.backend.service.game.GameServiceImpl   : �li�ki karma��kl���: P1:7, P2:34, �li�ki:'relationship.indirect.found', Kategori:other, Yol:3, Karma��kl�k:3
2025-05-24T15:08:35.489+03:00  INFO 44720 --- [onPool-worker-1] b.backend.service.game.GameServiceImpl   : Nihai se�enekler (P1:7, P2:34, Key:'relationship.indirect.found', Do�ru:'relationship.indirect.path_found') - Toplam: 4
2025-05-24T15:08:35.490+03:00  INFO 44720 --- [onPool-worker-1] b.backend.service.game.GameServiceImpl   : Ge�erli soru �retildi: ID 7_34, P1:7, P2:34, Zorluk: HARD, Cevap Key: relationship.indirect.found
2025-05-24T15:08:35.720+03:00  INFO 44720 --- [onPool-worker-3] b.backend.service.game.GameServiceImpl   : �li�ki karma��kl���: P1:34, P2:43, �li�ki:'relationship.distant_blood_relative', Kategori:distant, Yol:4, Karma��kl�k:4
2025-05-24T15:08:35.942+03:00  INFO 44720 --- [onPool-worker-3] b.backend.service.game.GameServiceImpl   : �li�ki karma��kl���: P1:35, P2:28, �li�ki:'relationship.indirect.found', Kategori:other, Yol:4, Karma��kl�k:4
2025-05-24T15:08:36.048+03:00  INFO 44720 --- [onPool-worker-1] b.backend.service.game.GameServiceImpl   : �li�ki karma��kl���: P1:41, P2:28, �li�ki:'relationship.distant_blood_relative', Kategori:distant, Yol:4, Karma��kl�k:4
2025-05-24T15:08:36.159+03:00  INFO 44720 --- [onPool-worker-1] b.backend.service.game.GameServiceImpl   : Nihai se�enekler (P1:41, P2:28, Key:'relationship.distant_blood_relative', Do�ru:'relationship.distant_blood_relative') - Toplam: 4
2025-05-24T15:08:36.159+03:00  INFO 44720 --- [onPool-worker-1] b.backend.service.game.GameServiceImpl   : Ge�erli soru �retildi: ID 41_28, P1:41, P2:28, Zorluk: HARD, Cevap Key: relationship.distant_blood_relative
2025-05-24T15:08:36.324+03:00  INFO 44720 --- [onPool-worker-3] b.backend.service.game.GameServiceImpl   : �li�ki karma��kl���: P1:4, P2:23, �li�ki:'relationship.indirect.found', Kategori:other, Yol:3, Karma��kl�k:3
2025-05-24T15:08:36.402+03:00  INFO 44720 --- [onPool-worker-1] b.backend.service.game.GameServiceImpl   : �li�ki karma��kl���: P1:28, P2:38, �li�ki:'relationship.distant_blood_relative', Kategori:distant, Yol:4, Karma��kl�k:4
2025-05-24T15:08:36.526+03:00  INFO 44720 --- [onPool-worker-3] b.backend.service.game.GameServiceImpl   : Nihai se�enekler (P1:4, P2:23, Key:'relationship.indirect.found', Do�ru:'relationship.indirect.path_found') - Toplam: 4
2025-05-24T15:08:36.527+03:00  INFO 44720 --- [onPool-worker-3] b.backend.service.game.GameServiceImpl   : Ge�erli soru �retildi: ID 4_23, P1:4, P2:23, Zorluk: MEDIUM, Cevap Key: relationship.indirect.found
2025-05-24T15:08:36.551+03:00  INFO 44720 --- [onPool-worker-1] b.backend.service.game.GameServiceImpl   : Nihai se�enekler (P1:28, P2:38, Key:'relationship.distant_blood_relative', Do�ru:'relationship.distant_blood_relative') - Toplam: 4
2025-05-24T15:08:36.551+03:00  INFO 44720 --- [onPool-worker-1] b.backend.service.game.GameServiceImpl   : Ge�erli soru �retildi: ID 28_38, P1:28, P2:38, Zorluk: HARD, Cevap Key: relationship.distant_blood_relative
2025-05-24T15:08:36.725+03:00  INFO 44720 --- [onPool-worker-3] b.backend.service.game.GameServiceImpl   : �li�ki karma��kl���: P1:36, P2:43, �li�ki:'relationship.indirect.found', Kategori:other, Yol:4, Karma��kl�k:4
2025-05-24T15:08:36.747+03:00  INFO 44720 --- [onPool-worker-1] b.backend.service.game.GameServiceImpl   : �li�ki karma��kl���: P1:44, P2:34, �li�ki:'relationship.distant_blood_relative', Kategori:distant, Yol:4, Karma��kl�k:4
2025-05-24T15:08:36.843+03:00  INFO 44720 --- [onPool-worker-1] b.backend.service.game.GameServiceImpl   : Nihai se�enekler (P1:44, P2:34, Key:'relationship.distant_blood_relative', Do�ru:'relationship.distant_blood_relative') - Toplam: 4
2025-05-24T15:08:36.844+03:00  INFO 44720 --- [onPool-worker-1] b.backend.service.game.GameServiceImpl   : Ge�erli soru �retildi: ID 44_34, P1:44, P2:34, Zorluk: HARD, Cevap Key: relationship.distant_blood_relative
2025-05-24T15:08:36.916+03:00  INFO 44720 --- [onPool-worker-3] b.backend.service.game.GameServiceImpl   : �li�ki karma��kl���: P1:44, P2:8, �li�ki:'relationship.indirect.found', Kategori:other, Yol:5, Karma��kl�k:5
2025-05-24T15:08:37.122+03:00  INFO 44720 --- [onPool-worker-3] b.backend.service.game.GameServiceImpl   : �li�ki karma��kl���: P1:42, P2:38, �li�ki:'relationship.indirect.found', Kategori:other, Yol:4, Karma��kl�k:4
2025-05-24T15:08:37.190+03:00  INFO 44720 --- [onPool-worker-1] b.backend.service.game.GameServiceImpl   : �li�ki karma��kl���: P1:29, P2:53, �li�ki:'relationship.indirect.found', Kategori:other, Yol:4, Karma��kl�k:4
2025-05-24T15:08:37.295+03:00  INFO 44720 --- [onPool-worker-1] b.backend.service.game.GameServiceImpl   : Nihai se�enekler (P1:29, P2:53, Key:'relationship.indirect.found', Do�ru:'relationship.indirect.path_found') - Toplam: 4
2025-05-24T15:08:37.295+03:00  INFO 44720 --- [onPool-worker-1] b.backend.service.game.GameServiceImpl   : Ge�erli soru �retildi: ID 29_53, P1:29, P2:53, Zorluk: HARD, Cevap Key: relationship.indirect.found
2025-05-24T15:08:37.359+03:00  INFO 44720 --- [onPool-worker-2] b.backend.service.game.GameServiceImpl   : �li�ki karma��kl���: P1:37, P2:44, �li�ki:'relationship.indirect.found', Kategori:other, Yol:4, Karma��kl�k:4
2025-05-24T15:08:37.641+03:00  INFO 44720 --- [onPool-worker-1] b.backend.service.game.GameServiceImpl   : �li�ki karma��kl���: P1:10, P2:32, �li�ki:'relationship.indirect.found', Kategori:other, Yol:5, Karma��kl�k:5
2025-05-24T15:08:37.808+03:00  INFO 44720 --- [onPool-worker-1] b.backend.service.game.GameServiceImpl   : Nihai se�enekler (P1:10, P2:32, Key:'relationship.indirect.found', Do�ru:'relationship.indirect.path_found') - Toplam: 4
2025-05-24T15:08:37.808+03:00  INFO 44720 --- [onPool-worker-1] b.backend.service.game.GameServiceImpl   : Ge�erli soru �retildi: ID 10_32, P1:10, P2:32, Zorluk: HARD, Cevap Key: relationship.indirect.found
2025-05-24T15:08:37.971+03:00  INFO 44720 --- [onPool-worker-1] b.backend.service.game.GameServiceImpl   : �li�ki karma��kl���: P1:41, P2:38, �li�ki:'relationship.indirect.found', Kategori:other, Yol:4, Karma��kl�k:4
2025-05-24T15:08:37.983+03:00  INFO 44720 --- [onPool-worker-2] b.backend.service.game.GameServiceImpl   : �li�ki karma��kl���: P1:26, P2:33, �li�ki:'relationship.indirect.found', Kategori:other, Yol:4, Karma��kl�k:4
2025-05-24T15:08:38.055+03:00  INFO 44720 --- [onPool-worker-1] b.backend.service.game.GameServiceImpl   : Nihai se�enekler (P1:41, P2:38, Key:'relationship.indirect.found', Do�ru:'relationship.indirect.path_found') - Toplam: 4
2025-05-24T15:08:38.056+03:00  INFO 44720 --- [onPool-worker-1] b.backend.service.game.GameServiceImpl   : Ge�erli soru �retildi: ID 41_38, P1:41, P2:38, Zorluk: HARD, Cevap Key: relationship.indirect.found
2025-05-24T15:08:38.142+03:00  INFO 44720 --- [onPool-worker-2] b.backend.service.game.GameServiceImpl   : �li�ki karma��kl���: P1:25, P2:24, �li�ki:'relationship.indirect.found', Kategori:other, Yol:3, Karma��kl�k:3
2025-05-24T15:08:38.269+03:00  INFO 44720 --- [onPool-worker-2] b.backend.service.game.GameServiceImpl   : �li�ki karma��kl���: P1:38, P2:43, �li�ki:'relationship.indirect.found', Kategori:other, Yol:4, Karma��kl�k:4
2025-05-24T15:08:38.286+03:00  INFO 44720 --- [onPool-worker-1] b.backend.service.game.GameServiceImpl   : �li�ki karma��kl���: P1:36, P2:3, �li�ki:'relationship.indirect.found', Kategori:other, Yol:4, Karma��kl�k:4
2025-05-24T15:08:38.286+03:00  INFO 44720 --- [onPool-worker-2] b.backend.service.game.GameServiceImpl   : �li�ki karma��kl���: P1:48, P2:49, �li�ki:'relationship.direct.parent_ch�ld', Kategori:direct, Yol:1, Karma��kl�k:1
2025-05-24T15:08:38.290+03:00  INFO 44720 --- [onPool-worker-2] b.backend.service.game.GameServiceImpl   : Nihai se�enekler (P1:48, P2:49, Key:'relationship.direct.parent_ch�ld', Do�ru:'relationship.parent_child.parent') - Toplam: 4
2025-05-24T15:08:38.291+03:00  INFO 44720 --- [onPool-worker-2] b.backend.service.game.GameServiceImpl   : Ge�erli soru �retildi: ID 48_49, P1:48, P2:49, Zorluk: EASY, Cevap Key: relationship.direct.parent_ch�ld
2025-05-24T15:08:38.364+03:00  INFO 44720 --- [onPool-worker-1] b.backend.service.game.GameServiceImpl   : Nihai se�enekler (P1:36, P2:3, Key:'relationship.indirect.found', Do�ru:'relationship.indirect.path_found') - Toplam: 4
2025-05-24T15:08:38.364+03:00  INFO 44720 --- [onPool-worker-1] b.backend.service.game.GameServiceImpl   : Ge�erli soru �retildi: ID 36_3, P1:36, P2:3, Zorluk: HARD, Cevap Key: relationship.indirect.found
2025-05-24T15:08:38.433+03:00  INFO 44720 --- [onPool-worker-2] b.backend.service.game.GameServiceImpl   : �li�ki karma��kl���: P1:43, P2:4, �li�ki:'relationship.indirect.found', Kategori:other, Yol:5, Karma��kl�k:5
2025-05-24T15:08:38.562+03:00  INFO 44720 --- [onPool-worker-2] b.backend.service.game.GameServiceImpl   : �li�ki karma��kl���: P1:37, P2:34, �li�ki:'relationship.distant_blood_relative', Kategori:distant, Yol:4, Karma��kl�k:4
2025-05-24T15:08:38.636+03:00  INFO 44720 --- [onPool-worker-1] b.backend.service.game.GameServiceImpl   : �li�ki karma��kl���: P1:6, P2:33, �li�ki:'relationship.indirect.found', Kategori:other, Yol:5, Karma��kl�k:5
2025-05-24T15:08:38.687+03:00  INFO 44720 --- [onPool-worker-2] b.backend.service.game.GameServiceImpl   : �li�ki karma��kl���: P1:32, P2:6, �li�ki:'relationship.indirect.found', Kategori:other, Yol:5, Karma��kl�k:5
2025-05-24T15:08:38.818+03:00  INFO 44720 --- [onPool-worker-2] b.backend.service.game.GameServiceImpl   : �li�ki karma��kl���: P1:6, P2:40, �li�ki:'relationship.grandchild', Kategori:grandchild, Yol:2, Karma��kl�k:2
2025-05-24T15:08:38.826+03:00  INFO 44720 --- [onPool-worker-2] b.backend.service.game.GameServiceImpl   : Nihai se�enekler (P1:6, P2:40, Key:'relationship.grandchild', Do�ru:'relationship.grandchild') - Toplam: 4
2025-05-24T15:08:38.826+03:00  INFO 44720 --- [onPool-worker-2] b.backend.service.game.GameServiceImpl   : Ge�erli soru �retildi: ID 6_40, P1:6, P2:40, Zorluk: EASY, Cevap Key: relationship.grandchild
2025-05-24T15:08:38.967+03:00  INFO 44720 --- [onPool-worker-3] b.backend.service.game.GameServiceImpl   : �li�ki karma��kl���: P1:7, P2:38, �li�ki:'relationship.indirect.found', Kategori:other, Yol:5, Karma��kl�k:5
2025-05-24T15:08:39.064+03:00  INFO 44720 --- [onPool-worker-2] b.backend.service.game.GameServiceImpl   : �li�ki karma��kl���: P1:6, P2:26, �li�ki:'relationship.indirect.found', Kategori:other, Yol:5, Karma��kl�k:5
2025-05-24T15:08:39.108+03:00  INFO 44720 --- [onPool-worker-3] b.backend.service.game.GameServiceImpl   : �li�ki karma��kl���: P1:44, P2:36, �li�ki:'relationship.indirect.found', Kategori:other, Yol:4, Karma��kl�k:4
2025-05-24T15:08:39.363+03:00  INFO 44720 --- [onPool-worker-2] b.backend.service.game.GameServiceImpl   : �li�ki karma��kl���: P1:28, P2:11, �li�ki:'relationship.indirect.found', Kategori:other, Yol:5, Karma��kl�k:5
2025-05-24T15:08:39.442+03:00  INFO 44720 --- [onPool-worker-3] b.backend.service.game.GameServiceImpl   : �li�ki karma��kl���: P1:34, P2:31, �li�ki:'relationship.indirect.found', Kategori:other, Yol:4, Karma��kl�k:4
2025-05-24T15:08:39.613+03:00  INFO 44720 --- [onPool-worker-1] b.backend.service.game.GameServiceImpl   : Nihai se�enekler (P1:6, P2:33, Key:'relationship.indirect.found', Do�ru:'relationship.indirect.path_found') - Toplam: 4
2025-05-24T15:08:39.613+03:00  INFO 44720 --- [onPool-worker-1] b.backend.service.game.GameServiceImpl   : Ge�erli soru �retildi: ID 6_33, P1:6, P2:33, Zorluk: HARD, Cevap Key: relationship.indirect.found
2025-05-24T15:08:39.642+03:00  INFO 44720 --- [onPool-worker-3] b.backend.service.game.GameServiceImpl   : �li�ki karma��kl���: P1:6, P2:41, �li�ki:'relationship.grandchild', Kategori:grandchild, Yol:2, Karma��kl�k:2
2025-05-24T15:08:39.647+03:00  INFO 44720 --- [onPool-worker-3] b.backend.service.game.GameServiceImpl   : Nihai se�enekler (P1:6, P2:41, Key:'relationship.grandchild', Do�ru:'relationship.grandchild') - Toplam: 4
2025-05-24T15:08:39.648+03:00  INFO 44720 --- [onPool-worker-3] b.backend.service.game.GameServiceImpl   : Ge�erli soru �retildi: ID 6_41, P1:6, P2:41, Zorluk: MEDIUM, Cevap Key: relationship.grandchild
2025-05-24T15:08:39.981+03:00  INFO 44720 --- [onPool-worker-3] b.backend.service.game.GameServiceImpl   : �li�ki karma��kl���: P1:5, P2:7, �li�ki:'relationship.indirect.found', Kategori:other, Yol:3, Karma��kl�k:3
2025-05-24T15:08:40.084+03:00  INFO 44720 --- [onPool-worker-3] b.backend.service.game.GameServiceImpl   : Nihai se�enekler (P1:5, P2:7, Key:'relationship.indirect.found', Do�ru:'relationship.indirect.path_found') - Toplam: 4
2025-05-24T15:08:40.084+03:00  INFO 44720 --- [onPool-worker-3] b.backend.service.game.GameServiceImpl   : Ge�erli soru �retildi: ID 5_7, P1:5, P2:7, Zorluk: MEDIUM, Cevap Key: relationship.indirect.found
2025-05-24T15:08:40.289+03:00  INFO 44720 --- [onPool-worker-3] b.backend.service.game.GameServiceImpl   : �li�ki karma��kl���: P1:7, P2:37, �li�ki:'relationship.indirect.found', Kategori:other, Yol:5, Karma��kl�k:5
2025-05-24T15:08:40.332+03:00  INFO 44720 --- [onPool-worker-1] b.backend.service.game.GameServiceImpl   : �li�ki karma��kl���: P1:38, P2:7, �li�ki:'relationship.indirect.found', Kategori:other, Yol:5, Karma��kl�k:5
2025-05-24T15:08:40.368+03:00  INFO 44720 --- [onPool-worker-3] b.backend.service.game.GameServiceImpl   : �li�ki karma��kl���: P1:3, P2:34, �li�ki:'relationship.grandchild', Kategori:grandchild, Yol:2, Karma��kl�k:2
2025-05-24T15:08:40.377+03:00  INFO 44720 --- [onPool-worker-3] b.backend.service.game.GameServiceImpl   : Nihai se�enekler (P1:3, P2:34, Key:'relationship.grandchild', Do�ru:'relationship.grandchild') - Toplam: 4
2025-05-24T15:08:40.386+03:00  INFO 44720 --- [onPool-worker-3] b.backend.service.game.GameServiceImpl   : Ge�erli soru �retildi: ID 3_34, P1:3, P2:34, Zorluk: MEDIUM, Cevap Key: relationship.grandchild
2025-05-24T15:08:40.410+03:00  INFO 44720 --- [onPool-worker-1] b.backend.service.game.GameServiceImpl   : Nihai se�enekler (P1:38, P2:7, Key:'relationship.indirect.found', Do�ru:'relationship.indirect.path_found') - Toplam: 4
2025-05-24T15:08:40.410+03:00  INFO 44720 --- [onPool-worker-1] b.backend.service.game.GameServiceImpl   : Ge�erli soru �retildi: ID 38_7, P1:38, P2:7, Zorluk: HARD, Cevap Key: relationship.indirect.found
2025-05-24T15:08:40.523+03:00  INFO 44720 --- [onPool-worker-1] b.backend.service.game.GameServiceImpl   : �li�ki karma��kl���: P1:34, P2:44, �li�ki:'relationship.distant_blood_relative', Kategori:distant, Yol:4, Karma��kl�k:4
2025-05-24T15:08:40.590+03:00  INFO 44720 --- [onPool-worker-1] b.backend.service.game.GameServiceImpl   : Nihai se�enekler (P1:34, P2:44, Key:'relationship.distant_blood_relative', Do�ru:'relationship.distant_blood_relative') - Toplam: 4
2025-05-24T15:08:40.590+03:00  INFO 44720 --- [onPool-worker-1] b.backend.service.game.GameServiceImpl   : Ge�erli soru �retildi: ID 34_44, P1:34, P2:44, Zorluk: HARD, Cevap Key: relationship.distant_blood_relative
2025-05-24T15:08:40.593+03:00  INFO 44720 --- [onPool-worker-2] b.backend.service.game.GameServiceImpl   : �li�ki karma��kl���: P1:6, P2:7, �li�ki:'relationship.indirect.found', Kategori:other, Yol:4, Karma��kl�k:4
2025-05-24T15:08:40.633+03:00  INFO 44720 --- [onPool-worker-3] b.backend.service.game.GameServiceImpl   : �li�ki karma��kl���: P1:44, P2:3, �li�ki:'relationship.indirect.found', Kategori:other, Yol:4, Karma��kl�k:4
2025-05-24T15:08:40.663+03:00  INFO 44720 --- [onPool-worker-3] b.backend.service.game.GameServiceImpl   : �li�ki karma��kl���: P1:29, P2:3, �li�ki:'relationship.grandfather', Kategori:grandparent, Yol:2, Karma��kl�k:2
2025-05-24T15:08:40.667+03:00  INFO 44720 --- [onPool-worker-3] b.backend.service.game.GameServiceImpl   : Nihai se�enekler (P1:29, P2:3, Key:'relationship.grandfather', Do�ru:'relationship.grandfather') - Toplam: 4
2025-05-24T15:08:40.668+03:00  INFO 44720 --- [onPool-worker-3] b.backend.service.game.GameServiceImpl   : Ge�erli soru �retildi: ID 29_3, P1:29, P2:3, Zorluk: MEDIUM, Cevap Key: relationship.grandfather
2025-05-24T15:08:40.713+03:00  INFO 44720 --- [onPool-worker-2] b.backend.service.game.GameServiceImpl   : �li�ki karma��kl���: P1:41, P2:11, �li�ki:'relationship.reverse.parent_ch�ld', Kategori:other, Yol:1, Karma��kl�k:1
2025-05-24T15:08:40.717+03:00  INFO 44720 --- [onPool-worker-2] b.backend.service.game.GameServiceImpl   : Nihai se�enekler (P1:41, P2:11, Key:'relationship.reverse.parent_ch�ld', Do�ru:'relationship.parent_child.child') - Toplam: 4
2025-05-24T15:08:40.717+03:00  INFO 44720 --- [onPool-worker-2] b.backend.service.game.GameServiceImpl   : Ge�erli soru �retildi: ID 41_11, P1:41, P2:11, Zorluk: EASY, Cevap Key: relationship.reverse.parent_ch�ld
2025-05-24T15:08:40.965+03:00  INFO 44720 --- [onPool-worker-3] b.backend.service.game.GameServiceImpl   : �li�ki karma��kl���: P1:26, P2:11, �li�ki:'relationship.indirect.found', Kategori:other, Yol:5, Karma��kl�k:5
2025-05-24T15:08:41.093+03:00  INFO 44720 --- [onPool-worker-3] b.backend.service.game.GameServiceImpl   : �li�ki karma��kl���: P1:38, P2:11, �li�ki:'relationship.indirect.found', Kategori:other, Yol:3, Karma��kl�k:3
2025-05-24T15:08:41.129+03:00  INFO 44720 --- [onPool-worker-1] b.backend.service.game.GameServiceImpl   : �li�ki karma��kl���: P1:26, P2:29, �li�ki:'relationship.direct.parent_ch�ld', Kategori:direct, Yol:1, Karma��kl�k:1
2025-05-24T15:08:41.141+03:00  INFO 44720 --- [onPool-worker-3] b.backend.service.game.GameServiceImpl   : Nihai se�enekler (P1:38, P2:11, Key:'relationship.indirect.found', Do�ru:'relationship.indirect.path_found') - Toplam: 4
2025-05-24T15:08:41.142+03:00  INFO 44720 --- [onPool-worker-3] b.backend.service.game.GameServiceImpl   : Ge�erli soru �retildi: ID 38_11, P1:38, P2:11, Zorluk: MEDIUM, Cevap Key: relationship.indirect.found
2025-05-24T15:08:41.222+03:00  INFO 44720 --- [onPool-worker-3] b.backend.service.game.GameServiceImpl   : �li�ki karma��kl���: P1:36, P2:6, �li�ki:'relationship.inlaw.mother', Kategori:inlaw, Yol:2, Karma��kl�k:3
2025-05-24T15:08:41.228+03:00  INFO 44720 --- [onPool-worker-3] b.backend.service.game.GameServiceImpl   : Nihai se�enekler (P1:36, P2:6, Key:'relationship.inlaw.mother', Do�ru:'relationship.inlaw.mother') - Toplam: 4
2025-05-24T15:08:41.229+03:00  INFO 44720 --- [onPool-worker-3] b.backend.service.game.GameServiceImpl   : Ge�erli soru �retildi: ID 36_6, P1:36, P2:6, Zorluk: MEDIUM, Cevap Key: relationship.inlaw.mother
2025-05-24T15:08:41.420+03:00  INFO 44720 --- [onPool-worker-1] b.backend.service.game.GameServiceImpl   : �li�ki karma��kl���: P1:4, P2:41, �li�ki:'relationship.indirect.found', Kategori:other, Yol:5, Karma��kl�k:5
2025-05-24T15:08:41.460+03:00  INFO 44720 --- [onPool-worker-2] b.backend.service.game.GameServiceImpl   : �li�ki karma��kl���: P1:30, P2:26, �li�ki:'relationship.indirect.found', Kategori:other, Yol:4, Karma��kl�k:4
2025-05-24T15:08:41.503+03:00  INFO 44720 --- [onPool-worker-3] b.backend.service.game.GameServiceImpl   : �li�ki karma��kl���: P1:8, P2:42, �li�ki:'relationship.indirect.found', Kategori:other, Yol:5, Karma��kl�k:5
2025-05-24T15:08:41.549+03:00  INFO 44720 --- [onPool-worker-1] b.backend.service.game.GameServiceImpl   : Nihai se�enekler (P1:4, P2:41, Key:'relationship.indirect.found', Do�ru:'relationship.indirect.path_found') - Toplam: 4
2025-05-24T15:08:41.549+03:00  INFO 44720 --- [onPool-worker-1] b.backend.service.game.GameServiceImpl   : Ge�erli soru �retildi: ID 4_41, P1:4, P2:41, Zorluk: HARD, Cevap Key: relationship.indirect.found
2025-05-24T15:08:41.612+03:00  INFO 44720 --- [onPool-worker-3] b.backend.service.game.GameServiceImpl   : �li�ki karma��kl���: P1:30, P2:28, �li�ki:'relationship.indirect.found', Kategori:other, Yol:4, Karma��kl�k:4
2025-05-24T15:08:41.690+03:00  INFO 44720 --- [onPool-worker-3] b.backend.service.game.GameServiceImpl   : �li�ki karma��kl���: P1:52, P2:7, �li�ki:'relationship.indirect.found', Kategori:other, Yol:4, Karma��kl�k:4
2025-05-24T15:08:41.736+03:00  INFO 44720 --- [onPool-worker-1] b.backend.service.game.GameServiceImpl   : �li�ki karma��kl���: P1:8, P2:37, �li�ki:'relationship.indirect.found', Kategori:other, Yol:5, Karma��kl�k:5
2025-05-24T15:08:41.772+03:00  INFO 44720 --- [onPool-worker-2] b.backend.service.game.GameServiceImpl   : �li�ki karma��kl���: P1:41, P2:35, �li�ki:'relationship.distant_blood_relative', Kategori:distant, Yol:4, Karma��kl�k:4
2025-05-24T15:08:41.828+03:00  INFO 44720 --- [onPool-worker-1] b.backend.service.game.GameServiceImpl   : Nihai se�enekler (P1:8, P2:37, Key:'relationship.indirect.found', Do�ru:'relationship.indirect.path_found') - Toplam: 4
2025-05-24T15:08:41.829+03:00  INFO 44720 --- [onPool-worker-1] b.backend.service.game.GameServiceImpl   : Ge�erli soru �retildi: ID 8_37, P1:8, P2:37, Zorluk: HARD, Cevap Key: relationship.indirect.found
2025-05-24T15:08:41.849+03:00  INFO 44720 --- [onPool-worker-2] b.backend.service.game.GameServiceImpl   : �li�ki karma��kl���: P1:41, P2:6, �li�ki:'relationship.grandmother', Kategori:grandparent, Yol:2, Karma��kl�k:2
2025-05-24T15:08:41.854+03:00  INFO 44720 --- [onPool-worker-2] b.backend.service.game.GameServiceImpl   : Nihai se�enekler (P1:41, P2:6, Key:'relationship.grandmother', Do�ru:'relationship.grandmother') - Toplam: 4
2025-05-24T15:08:41.854+03:00  INFO 44720 --- [onPool-worker-2] b.backend.service.game.GameServiceImpl   : Ge�erli soru �retildi: ID 41_6, P1:41, P2:6, Zorluk: EASY, Cevap Key: relationship.grandmother
2025-05-24T15:08:41.861+03:00  INFO 44720 --- [onPool-worker-3] b.backend.service.game.GameServiceImpl   : �li�ki karma��kl���: P1:28, P2:6, �li�ki:'relationship.indirect.found', Kategori:other, Yol:5, Karma��kl�k:5
2025-05-24T15:08:41.885+03:00  INFO 44720 --- [onPool-worker-2] b.backend.service.game.GameServiceImpl   : �li�ki karma��kl���: P1:26, P2:4, �li�ki:'relationship.inlaw.mother', Kategori:inlaw, Yol:2, Karma��kl�k:3
2025-05-24T15:08:41.947+03:00  INFO 44720 --- [onPool-worker-3] b.backend.service.game.GameServiceImpl   : �li�ki karma��kl���: P1:6, P2:43, �li�ki:'relationship.grandchild', Kategori:grandchild, Yol:2, Karma��kl�k:2
2025-05-24T15:08:41.958+03:00  INFO 44720 --- [onPool-worker-3] b.backend.service.game.GameServiceImpl   : Nihai se�enekler (P1:6, P2:43, Key:'relationship.grandchild', Do�ru:'relationship.grandchild') - Toplam: 4
2025-05-24T15:08:41.958+03:00  INFO 44720 --- [onPool-worker-3] b.backend.service.game.GameServiceImpl   : Ge�erli soru �retildi: ID 6_43, P1:6, P2:43, Zorluk: MEDIUM, Cevap Key: relationship.grandchild
2025-05-24T15:08:42.023+03:00  INFO 44720 --- [onPool-worker-1] b.backend.service.game.GameServiceImpl   : �li�ki karma��kl���: P1:10, P2:35, �li�ki:'relationship.indirect.found', Kategori:other, Yol:5, Karma��kl�k:5
2025-05-24T15:08:42.043+03:00  INFO 44720 --- [onPool-worker-3] b.backend.service.game.GameServiceImpl   : �li�ki karma��kl���: P1:6, P2:38, �li�ki:'relationship.grandchild', Kategori:grandchild, Yol:2, Karma��kl�k:2
2025-05-24T15:08:42.047+03:00  INFO 44720 --- [onPool-worker-3] b.backend.service.game.GameServiceImpl   : Nihai se�enekler (P1:6, P2:38, Key:'relationship.grandchild', Do�ru:'relationship.grandchild') - Toplam: 4
2025-05-24T15:08:42.047+03:00  INFO 44720 --- [onPool-worker-3] b.backend.service.game.GameServiceImpl   : Ge�erli soru �retildi: ID 6_38, P1:6, P2:38, Zorluk: MEDIUM, Cevap Key: relationship.grandchild
2025-05-24T15:08:42.121+03:00  INFO 44720 --- [onPool-worker-1] b.backend.service.game.GameServiceImpl   : Nihai se�enekler (P1:10, P2:35, Key:'relationship.indirect.found', Do�ru:'relationship.indirect.path_found') - Toplam: 4
2025-05-24T15:08:42.121+03:00  INFO 44720 --- [onPool-worker-1] b.backend.service.game.GameServiceImpl   : Ge�erli soru �retildi: ID 10_35, P1:10, P2:35, Zorluk: HARD, Cevap Key: relationship.indirect.found
2025-05-24T15:08:42.183+03:00  INFO 44720 --- [onPool-worker-2] b.backend.service.game.GameServiceImpl   : �li�ki karma��kl���: P1:7, P2:30, �li�ki:'relationship.indirect.found', Kategori:other, Yol:3, Karma��kl�k:3
2025-05-24T15:08:42.239+03:00  INFO 44720 --- [onPool-worker-1] b.backend.service.game.GameServiceImpl   : �li�ki karma��kl���: P1:30, P2:11, �li�ki:'relationship.indirect.found', Kategori:other, Yol:5, Karma��kl�k:5
2025-05-24T15:08:42.288+03:00  INFO 44720 --- [onPool-worker-2] b.backend.service.game.GameServiceImpl   : �li�ki karma��kl���: P1:35, P2:8, �li�ki:'relationship.indirect.found', Kategori:other, Yol:3, Karma��kl�k:3
2025-05-24T15:08:42.300+03:00  INFO 44720 --- [onPool-worker-1] b.backend.service.game.GameServiceImpl   : Nihai se�enekler (P1:30, P2:11, Key:'relationship.indirect.found', Do�ru:'relationship.indirect.path_found') - Toplam: 4
2025-05-24T15:08:42.300+03:00  INFO 44720 --- [onPool-worker-1] b.backend.service.game.GameServiceImpl   : Ge�erli soru �retildi: ID 30_11, P1:30, P2:11, Zorluk: HARD, Cevap Key: relationship.indirect.found
2025-05-24T15:08:42.454+03:00  INFO 44720 --- [onPool-worker-3] b.backend.service.game.GameServiceImpl   : �li�ki karma��kl���: P1:25, P2:26, �li�ki:'relationship.indirect.found', Kategori:other, Yol:2, Karma��kl�k:2
2025-05-24T15:08:42.475+03:00  INFO 44720 --- [onPool-worker-3] b.backend.service.game.GameServiceImpl   : Nihai se�enekler (P1:25, P2:26, Key:'relationship.indirect.found', Do�ru:'relationship.indirect.path_found') - Toplam: 4
2025-05-24T15:08:42.475+03:00  INFO 44720 --- [onPool-worker-3] b.backend.service.game.GameServiceImpl   : Ge�erli soru �retildi: ID 25_26, P1:25, P2:26, Zorluk: MEDIUM, Cevap Key: relationship.indirect.found
2025-05-24T15:08:42.633+03:00  INFO 44720 --- [onPool-worker-1] b.backend.service.game.GameServiceImpl   : �li�ki karma��kl���: P1:8, P2:39, �li�ki:'relationship.indirect.found', Kategori:other, Yol:5, Karma��kl�k:5
2025-05-24T15:08:42.684+03:00  INFO 44720 --- [onPool-worker-2] b.backend.service.game.GameServiceImpl   : �li�ki karma��kl���: P1:41, P2:3, �li�ki:'relationship.indirect.found', Kategori:other, Yol:4, Karma��kl�k:4
2025-05-24T15:08:42.735+03:00  INFO 44720 --- [onPool-worker-1] b.backend.service.game.GameServiceImpl   : Nihai se�enekler (P1:8, P2:39, Key:'relationship.indirect.found', Do�ru:'relationship.indirect.path_found') - Toplam: 4
2025-05-24T15:08:42.735+03:00  INFO 44720 --- [onPool-worker-1] b.backend.service.game.GameServiceImpl   : Ge�erli soru �retildi: ID 8_39, P1:8, P2:39, Zorluk: HARD, Cevap Key: relationship.indirect.found
2025-05-24T15:08:42.785+03:00  INFO 44720 --- [onPool-worker-3] b.backend.service.game.GameServiceImpl   : �li�ki karma��kl���: P1:40, P2:12, �li�ki:'relationship.indirect.found', Kategori:other, Yol:3, Karma��kl�k:3
2025-05-24T15:08:42.816+03:00  INFO 44720 --- [onPool-worker-1] b.backend.service.game.GameServiceImpl   : �li�ki karma��kl���: P1:6, P2:38, �li�ki:'relationship.grandchild', Kategori:grandchild, Yol:2, Karma��kl�k:2
2025-05-24T15:08:42.828+03:00  INFO 44720 --- [onPool-worker-3] b.backend.service.game.GameServiceImpl   : Nihai se�enekler (P1:40, P2:12, Key:'relationship.indirect.found', Do�ru:'relationship.indirect.path_found') - Toplam: 4
2025-05-24T15:08:42.829+03:00  INFO 44720 --- [onPool-worker-3] b.backend.service.game.GameServiceImpl   : Ge�erli soru �retildi: ID 40_12, P1:40, P2:12, Zorluk: MEDIUM, Cevap Key: relationship.indirect.found
2025-05-24T15:08:42.933+03:00  INFO 44720 --- [onPool-worker-3] b.backend.service.game.GameServiceImpl   : �li�ki karma��kl���: P1:44, P2:43, �li�ki:'relationship.indirect.found', Kategori:other, Yol:2, Karma��kl�k:2
2025-05-24T15:08:42.994+03:00  INFO 44720 --- [onPool-worker-3] b.backend.service.game.GameServiceImpl   : Nihai se�enekler (P1:44, P2:43, Key:'relationship.indirect.found', Do�ru:'relationship.indirect.path_found') - Toplam: 4
2025-05-24T15:08:42.994+03:00  INFO 44720 --- [onPool-worker-3] b.backend.service.game.GameServiceImpl   : Ge�erli soru �retildi: ID 44_43, P1:44, P2:43, Zorluk: MEDIUM, Cevap Key: relationship.indirect.found
2025-05-24T15:08:43.050+03:00  INFO 44720 --- [onPool-worker-1] b.backend.service.game.GameServiceImpl   : �li�ki karma��kl���: P1:42, P2:43, �li�ki:'relationship.direct.parent_ch�ld', Kategori:direct, Yol:1, Karma��kl�k:1
2025-05-24T15:08:43.100+03:00  INFO 44720 --- [onPool-worker-2] b.backend.service.game.GameServiceImpl   : �li�ki karma��kl���: P1:3, P2:34, �li�ki:'relationship.grandchild', Kategori:grandchild, Yol:2, Karma��kl�k:2
2025-05-24T15:08:43.106+03:00  INFO 44720 --- [onPool-worker-2] b.backend.service.game.GameServiceImpl   : Nihai se�enekler (P1:3, P2:34, Key:'relationship.grandchild', Do�ru:'relationship.grandchild') - Toplam: 4
2025-05-24T15:08:43.106+03:00  INFO 44720 --- [onPool-worker-2] b.backend.service.game.GameServiceImpl   : Ge�erli soru �retildi: ID 3_34, P1:3, P2:34, Zorluk: EASY, Cevap Key: relationship.grandchild
2025-05-24T15:08:43.226+03:00  INFO 44720 --- [onPool-worker-1] b.backend.service.game.GameServiceImpl   : �li�ki karma��kl���: P1:5, P2:40, �li�ki:'relationship.grandchild', Kategori:grandchild, Yol:2, Karma��kl�k:2
2025-05-24T15:08:43.249+03:00  INFO 44720 --- [onPool-worker-2] b.backend.service.game.GameServiceImpl   : �li�ki karma��kl���: P1:40, P2:29, �li�ki:'relationship.distant_blood_relative', Kategori:distant, Yol:4, Karma��kl�k:4
2025-05-24T15:08:43.278+03:00  INFO 44720 --- [onPool-worker-1] b.backend.service.game.GameServiceImpl   : �li�ki karma��kl���: P1:23, P2:51, �li�ki:'relationship.inlaw.daughter', Kategori:inlaw, Yol:2, Karma��kl�k:3
2025-05-24T15:08:43.288+03:00  INFO 44720 --- [onPool-worker-1] b.backend.service.game.GameServiceImpl   : Nihai se�enekler (P1:23, P2:51, Key:'relationship.inlaw.daughter', Do�ru:'relationship.inlaw.daughter') - Toplam: 4
2025-05-24T15:08:43.288+03:00  INFO 44720 --- [onPool-worker-1] b.backend.service.game.GameServiceImpl   : Ge�erli soru �retildi: ID 23_51, P1:23, P2:51, Zorluk: HARD, Cevap Key: relationship.inlaw.daughter
2025-05-24T15:08:43.288+03:00  INFO 44720 --- [onPool-worker-1] b.backend.service.game.GameServiceImpl   : HARD zorlu�u i�in 20 adet ba�lang�� sorusu �retildi (Toplam: 20). S�re: 14126ms
2025-05-24T15:08:43.390+03:00  INFO 44720 --- [onPool-worker-3] b.backend.service.game.GameServiceImpl   : �li�ki karma��kl���: P1:6, P2:28, �li�ki:'relationship.indirect.found', Kategori:other, Yol:5, Karma��kl�k:5
2025-05-24T15:08:43.446+03:00  INFO 44720 --- [onPool-worker-2] b.backend.service.game.GameServiceImpl   : �li�ki karma��kl���: P1:34, P2:35, �li�ki:'relationship.indirect.found', Kategori:other, Yol:2, Karma��kl�k:2
2025-05-24T15:08:43.497+03:00  INFO 44720 --- [onPool-worker-2] b.backend.service.game.GameServiceImpl   : Nihai se�enekler (P1:34, P2:35, Key:'relationship.indirect.found', Do�ru:'relationship.indirect.path_found') - Toplam: 4
2025-05-24T15:08:43.497+03:00  INFO 44720 --- [onPool-worker-2] b.backend.service.game.GameServiceImpl   : Ge�erli soru �retildi: ID 34_35, P1:34, P2:35, Zorluk: EASY, Cevap Key: relationship.indirect.found
2025-05-24T15:08:43.604+03:00  INFO 44720 --- [onPool-worker-3] b.backend.service.game.GameServiceImpl   : �li�ki karma��kl���: P1:6, P2:4, �li�ki:'relationship.indirect.found', Kategori:other, Yol:4, Karma��kl�k:4
2025-05-24T15:08:43.662+03:00  INFO 44720 --- [onPool-worker-2] b.backend.service.game.GameServiceImpl   : �li�ki karma��kl���: P1:11, P2:3, �li�ki:'relationship.indirect.found', Kategori:other, Yol:3, Karma��kl�k:3
2025-05-24T15:08:43.757+03:00  INFO 44720 --- [onPool-worker-3] b.backend.service.game.GameServiceImpl   : �li�ki karma��kl���: P1:52, P2:7, �li�ki:'relationship.indirect.found', Kategori:other, Yol:4, Karma��kl�k:4
2025-05-24T15:08:43.825+03:00  INFO 44720 --- [onPool-worker-2] b.backend.service.game.GameServiceImpl   : �li�ki karma��kl���: P1:10, P2:26, �li�ki:'relationship.indirect.found', Kategori:other, Yol:5, Karma��kl�k:5
2025-05-24T15:08:43.864+03:00  INFO 44720 --- [onPool-worker-3] b.backend.service.game.GameServiceImpl   : �li�ki karma��kl���: P1:38, P2:34, �li�ki:'relationship.distant_blood_relative', Kategori:distant, Yol:4, Karma��kl�k:4
2025-05-24T15:08:43.984+03:00  INFO 44720 --- [onPool-worker-2] b.backend.service.game.GameServiceImpl   : �li�ki karma��kl���: P1:34, P2:28, �li�ki:'relationship.indirect.found', Kategori:other, Yol:4, Karma��kl�k:4
2025-05-24T15:08:44.292+03:00  INFO 44720 --- [onPool-worker-3] b.backend.service.game.GameServiceImpl   : �li�ki karma��kl���: P1:5, P2:43, �li�ki:'relationship.grandchild', Kategori:grandchild, Yol:2, Karma��kl�k:2
2025-05-24T15:08:44.299+03:00  INFO 44720 --- [onPool-worker-3] b.backend.service.game.GameServiceImpl   : Nihai se�enekler (P1:5, P2:43, Key:'relationship.grandchild', Do�ru:'relationship.grandchild') - Toplam: 4
2025-05-24T15:08:44.299+03:00  INFO 44720 --- [onPool-worker-3] b.backend.service.game.GameServiceImpl   : Ge�erli soru �retildi: ID 5_43, P1:5, P2:43, Zorluk: MEDIUM, Cevap Key: relationship.grandchild
2025-05-24T15:08:44.511+03:00  INFO 44720 --- [onPool-worker-3] b.backend.service.game.GameServiceImpl   : �li�ki karma��kl���: P1:8, P2:37, �li�ki:'relationship.indirect.found', Kategori:other, Yol:5, Karma��kl�k:5
2025-05-24T15:08:44.541+03:00  INFO 44720 --- [onPool-worker-2] b.backend.service.game.GameServiceImpl   : �li�ki karma��kl���: P1:28, P2:9, �li�ki:'relationship.indirect.found', Kategori:other, Yol:3, Karma��kl�k:3
2025-05-24T15:08:44.736+03:00  INFO 44720 --- [onPool-worker-3] b.backend.service.game.GameServiceImpl   : �li�ki karma��kl���: P1:7, P2:11, �li�ki:'relationship.indirect.found', Kategori:other, Yol:4, Karma��kl�k:4
2025-05-24T15:08:44.797+03:00  INFO 44720 --- [onPool-worker-2] b.backend.service.game.GameServiceImpl   : �li�ki karma��kl���: P1:23, P2:8, �li�ki:'relationship.indirect.found', Kategori:other, Yol:4, Karma��kl�k:4
2025-05-24T15:08:44.911+03:00  INFO 44720 --- [onPool-worker-3] b.backend.service.game.GameServiceImpl   : �li�ki karma��kl���: P1:26, P2:6, �li�ki:'relationship.indirect.found', Kategori:other, Yol:5, Karma��kl�k:5
2025-05-24T15:08:44.987+03:00  INFO 44720 --- [onPool-worker-2] b.backend.service.game.GameServiceImpl   : �li�ki karma��kl���: P1:12, P2:26, �li�ki:'relationship.indirect.found', Kategori:other, Yol:5, Karma��kl�k:5
2025-05-24T15:08:45.063+03:00  INFO 44720 --- [onPool-worker-3] b.backend.service.game.GameServiceImpl   : �li�ki karma��kl���: P1:10, P2:42, �li�ki:'relationship.indirect.found', Kategori:other, Yol:3, Karma��kl�k:3
2025-05-24T15:08:45.093+03:00  INFO 44720 --- [onPool-worker-2] b.backend.service.game.GameServiceImpl   : �li�ki karma��kl���: P1:41, P2:42, �li�ki:'relationship.indirect.found', Kategori:other, Yol:4, Karma��kl�k:4
2025-05-24T15:08:45.116+03:00  INFO 44720 --- [onPool-worker-3] b.backend.service.game.GameServiceImpl   : Nihai se�enekler (P1:10, P2:42, Key:'relationship.indirect.found', Do�ru:'relationship.indirect.path_found') - Toplam: 4
2025-05-24T15:08:45.117+03:00  INFO 44720 --- [onPool-worker-3] b.backend.service.game.GameServiceImpl   : Ge�erli soru �retildi: ID 10_42, P1:10, P2:42, Zorluk: MEDIUM, Cevap Key: relationship.indirect.found
2025-05-24T15:08:45.213+03:00  INFO 44720 --- [onPool-worker-2] b.backend.service.game.GameServiceImpl   : �li�ki karma��kl���: P1:34, P2:40, �li�ki:'relationship.distant_blood_relative', Kategori:distant, Yol:4, Karma��kl�k:4
2025-05-24T15:08:45.465+03:00  INFO 44720 --- [onPool-worker-2] b.backend.service.game.GameServiceImpl   : �li�ki karma��kl���: P1:10, P2:4, �li�ki:'relationship.indirect.found', Kategori:other, Yol:4, Karma��kl�k:4
2025-05-24T15:08:45.610+03:00  INFO 44720 --- [onPool-worker-3] b.backend.service.game.GameServiceImpl   : �li�ki karma��kl���: P1:41, P2:38, �li�ki:'relationship.indirect.found', Kategori:other, Yol:4, Karma��kl�k:4
2025-05-24T15:08:45.621+03:00  INFO 44720 --- [onPool-worker-2] b.backend.service.game.GameServiceImpl   : �li�ki karma��kl���: P1:28, P2:30, �li�ki:'relationship.indirect.found', Kategori:other, Yol:4, Karma��kl�k:4
2025-05-24T15:08:45.624+03:00  INFO 44720 --- [onPool-worker-2] b.backend.service.game.GameServiceImpl   : �li�ki karma��kl���: P1:40, P2:39, �li�ki:'relationship.reverse.parent_ch�ld', Kategori:other, Yol:1, Karma��kl�k:1
2025-05-24T15:08:45.626+03:00  INFO 44720 --- [onPool-worker-2] b.backend.service.game.GameServiceImpl   : Nihai se�enekler (P1:40, P2:39, Key:'relationship.reverse.parent_ch�ld', Do�ru:'relationship.parent_child.child') - Toplam: 4
2025-05-24T15:08:45.627+03:00  INFO 44720 --- [onPool-worker-2] b.backend.service.game.GameServiceImpl   : Ge�erli soru �retildi: ID 40_39, P1:40, P2:39, Zorluk: EASY, Cevap Key: relationship.reverse.parent_ch�ld
2025-05-24T15:08:45.733+03:00  INFO 44720 --- [onPool-worker-3] b.backend.service.game.GameServiceImpl   : �li�ki karma��kl���: P1:38, P2:4, �li�ki:'relationship.indirect.found', Kategori:other, Yol:5, Karma��kl�k:5
2025-05-24T15:08:45.808+03:00  INFO 44720 --- [onPool-worker-2] b.backend.service.game.GameServiceImpl   : �li�ki karma��kl���: P1:35, P2:40, �li�ki:'relationship.distant_blood_relative', Kategori:distant, Yol:4, Karma��kl�k:4
2025-05-24T15:08:45.968+03:00  INFO 44720 --- [onPool-worker-2] b.backend.service.game.GameServiceImpl   : �li�ki karma��kl���: P1:33, P2:32, �li�ki:'relationship.indirect.found', Kategori:other, Yol:4, Karma��kl�k:4
2025-05-24T15:08:45.998+03:00  INFO 44720 --- [onPool-worker-3] b.backend.service.game.GameServiceImpl   : �li�ki karma��kl���: P1:34, P2:7, �li�ki:'relationship.indirect.found', Kategori:other, Yol:3, Karma��kl�k:3
2025-05-24T15:08:46.029+03:00  INFO 44720 --- [onPool-worker-2] b.backend.service.game.GameServiceImpl   : �li�ki karma��kl���: P1:51, P2:53, �li�ki:'relationship.direct.parent_ch�ld', Kategori:direct, Yol:1, Karma��kl�k:1
2025-05-24T15:08:46.031+03:00  INFO 44720 --- [onPool-worker-2] b.backend.service.game.GameServiceImpl   : Nihai se�enekler (P1:51, P2:53, Key:'relationship.direct.parent_ch�ld', Do�ru:'relationship.parent_child.parent') - Toplam: 4
2025-05-24T15:08:46.032+03:00  INFO 44720 --- [onPool-worker-2] b.backend.service.game.GameServiceImpl   : Ge�erli soru �retildi: ID 51_53, P1:51, P2:53, Zorluk: EASY, Cevap Key: relationship.direct.parent_ch�ld
2025-05-24T15:08:46.034+03:00  INFO 44720 --- [onPool-worker-3] b.backend.service.game.GameServiceImpl   : Nihai se�enekler (P1:34, P2:7, Key:'relationship.indirect.found', Do�ru:'relationship.indirect.path_found') - Toplam: 4
2025-05-24T15:08:46.034+03:00  INFO 44720 --- [onPool-worker-3] b.backend.service.game.GameServiceImpl   : Ge�erli soru �retildi: ID 34_7, P1:34, P2:7, Zorluk: MEDIUM, Cevap Key: relationship.indirect.found
2025-05-24T15:08:46.493+03:00  INFO 44720 --- [onPool-worker-2] b.backend.service.game.GameServiceImpl   : �li�ki karma��kl���: P1:37, P2:7, �li�ki:'relationship.indirect.found', Kategori:other, Yol:5, Karma��kl�k:5
2025-05-24T15:08:46.660+03:00  INFO 44720 --- [onPool-worker-3] b.backend.service.game.GameServiceImpl   : �li�ki karma��kl���: P1:7, P2:43, �li�ki:'relationship.indirect.found', Kategori:other, Yol:5, Karma��kl�k:5
2025-05-24T15:08:46.887+03:00  INFO 44720 --- [onPool-worker-2] b.backend.service.game.GameServiceImpl   : �li�ki karma��kl���: P1:6, P2:11, �li�ki:'relationship.direct.parent_ch�ld', Kategori:direct, Yol:1, Karma��kl�k:1
2025-05-24T15:08:46.890+03:00  INFO 44720 --- [onPool-worker-2] b.backend.service.game.GameServiceImpl   : Nihai se�enekler (P1:6, P2:11, Key:'relationship.direct.parent_ch�ld', Do�ru:'relationship.parent_child.parent') - Toplam: 4
2025-05-24T15:08:46.890+03:00  INFO 44720 --- [onPool-worker-2] b.backend.service.game.GameServiceImpl   : Ge�erli soru �retildi: ID 6_11, P1:6, P2:11, Zorluk: EASY, Cevap Key: relationship.direct.parent_ch�ld
2025-05-24T15:08:46.949+03:00  INFO 44720 --- [onPool-worker-3] b.backend.service.game.GameServiceImpl   : �li�ki karma��kl���: P1:29, P2:33, �li�ki:'relationship.indirect.found', Kategori:other, Yol:4, Karma��kl�k:4
2025-05-24T15:08:47.111+03:00  INFO 44720 --- [onPool-worker-3] b.backend.service.game.GameServiceImpl   : �li�ki karma��kl���: P1:26, P2:31, �li�ki:'relationship.indirect.found', Kategori:other, Yol:4, Karma��kl�k:4
2025-05-24T15:08:47.131+03:00  INFO 44720 --- [onPool-worker-2] b.backend.service.game.GameServiceImpl   : �li�ki karma��kl���: P1:4, P2:10, �li�ki:'relationship.indirect.found', Kategori:other, Yol:4, Karma��kl�k:4
2025-05-24T15:08:47.208+03:00  INFO 44720 --- [onPool-worker-3] b.backend.service.game.GameServiceImpl   : �li�ki karma��kl���: P1:25, P2:9, �li�ki:'relationship.indirect.found', Kategori:other, Yol:5, Karma��kl�k:5
2025-05-24T15:08:47.242+03:00  INFO 44720 --- [           main] o.s.b.a.e.web.EndpointLinksResolver      : Exposing 1 endpoint beneath base path '/actuator'
2025-05-24T15:08:48.006+03:00  INFO 44720 --- [onPool-worker-2] b.backend.service.game.GameServiceImpl   : �li�ki karma��kl���: P1:10, P2:32, �li�ki:'relationship.indirect.found', Kategori:other, Yol:5, Karma��kl�k:5
2025-05-24T15:08:48.027+03:00  INFO 44720 --- [onPool-worker-3] b.backend.service.game.GameServiceImpl   : �li�ki karma��kl���: P1:9, P2:25, �li�ki:'relationship.indirect.found', Kategori:other, Yol:5, Karma��kl�k:5
2025-05-24T15:08:48.221+03:00  INFO 44720 --- [onPool-worker-3] b.backend.service.game.GameServiceImpl   : �li�ki karma��kl���: P1:40, P2:42, �li�ki:'relationship.indirect.found', Kategori:other, Yol:4, Karma��kl�k:4
2025-05-24T15:08:48.239+03:00  INFO 44720 --- [onPool-worker-2] b.backend.service.game.GameServiceImpl   : �li�ki karma��kl���: P1:42, P2:11, �li�ki:'relationship.indirect.found', Kategori:other, Yol:3, Karma��kl�k:3
2025-05-24T15:08:48.315+03:00  INFO 44720 --- [onPool-worker-3] b.backend.service.game.GameServiceImpl   : �li�ki karma��kl���: P1:5, P2:40, �li�ki:'relationship.grandchild', Kategori:grandchild, Yol:2, Karma��kl�k:2
2025-05-24T15:08:48.318+03:00  INFO 44720 --- [onPool-worker-3] b.backend.service.game.GameServiceImpl   : Nihai se�enekler (P1:5, P2:40, Key:'relationship.grandchild', Do�ru:'relationship.grandchild') - Toplam: 4
2025-05-24T15:08:48.318+03:00  INFO 44720 --- [onPool-worker-3] b.backend.service.game.GameServiceImpl   : Ge�erli soru �retildi: ID 5_40, P1:5, P2:40, Zorluk: MEDIUM, Cevap Key: relationship.grandchild
2025-05-24T15:08:48.474+03:00  INFO 44720 --- [onPool-worker-3] b.backend.service.game.GameServiceImpl   : �li�ki karma��kl���: P1:34, P2:31, �li�ki:'relationship.indirect.found', Kategori:other, Yol:4, Karma��kl�k:4
2025-05-24T15:08:48.590+03:00  INFO 44720 --- [onPool-worker-3] b.backend.service.game.GameServiceImpl   : �li�ki karma��kl���: P1:32, P2:7, �li�ki:'relationship.indirect.found', Kategori:other, Yol:3, Karma��kl�k:3
2025-05-24T15:08:48.591+03:00  INFO 44720 --- [onPool-worker-3] b.backend.service.game.GameServiceImpl   : Nihai se�enekler (P1:32, P2:7, Key:'relationship.indirect.found', Do�ru:'relationship.indirect.path_found') - Toplam: 4
2025-05-24T15:08:48.591+03:00  INFO 44720 --- [onPool-worker-3] b.backend.service.game.GameServiceImpl   : Ge�erli soru �retildi: ID 32_7, P1:32, P2:7, Zorluk: MEDIUM, Cevap Key: relationship.indirect.found
2025-05-24T15:08:48.592+03:00  INFO 44720 --- [onPool-worker-3] b.backend.service.game.GameServiceImpl   : MEDIUM zorlu�u i�in 20 adet ba�lang�� sorusu �retildi (Toplam: 20). S�re: 18598ms
2025-05-24T15:08:48.778+03:00  INFO 44720 --- [onPool-worker-2] b.backend.service.game.GameServiceImpl   : �li�ki karma��kl���: P1:7, P2:9, �li�ki:'relationship.indirect.found', Kategori:other, Yol:2, Karma��kl�k:2
2025-05-24T15:08:48.779+03:00  INFO 44720 --- [onPool-worker-2] b.backend.service.game.GameServiceImpl   : Nihai se�enekler (P1:7, P2:9, Key:'relationship.indirect.found', Do�ru:'relationship.indirect.path_found') - Toplam: 4
2025-05-24T15:08:48.779+03:00  INFO 44720 --- [onPool-worker-2] b.backend.service.game.GameServiceImpl   : Ge�erli soru �retildi: ID 7_9, P1:7, P2:9, Zorluk: EASY, Cevap Key: relationship.indirect.found
2025-05-24T15:08:48.893+03:00  INFO 44720 --- [           main] by.backend.FamilytreeApplicationTests    : Started FamilytreeApplicationTests in 34.854 seconds (process running for 37.457)
2025-05-24T15:08:49.101+03:00  INFO 44720 --- [onPool-worker-2] b.backend.service.game.GameServiceImpl   : �li�ki karma��kl���: P1:6, P2:30, �li�ki:'relationship.indirect.found', Kategori:other, Yol:5, Karma��kl�k:5
2025-05-24T15:08:49.786+03:00  INFO 44720 --- [onPool-worker-2] b.backend.service.game.GameServiceImpl   : �li�ki karma��kl���: P1:29, P2:6, �li�ki:'relationship.indirect.found', Kategori:other, Yol:5, Karma��kl�k:5
2025-05-24T15:08:49.877+03:00  INFO 44720 --- [onPool-worker-2] b.backend.service.game.GameServiceImpl   : �li�ki karma��kl���: P1:4, P2:30, �li�ki:'relationship.inlaw.daughter', Kategori:inlaw, Yol:2, Karma��kl�k:3
2025-05-24T15:08:49.940+03:00  INFO 44720 --- [onPool-worker-2] b.backend.service.game.GameServiceImpl   : �li�ki karma��kl���: P1:17, P2:16, �li�ki:'relationship.indirect.found', Kategori:other, Yol:2, Karma��kl�k:2
2025-05-24T15:08:49.944+03:00  INFO 44720 --- [onPool-worker-2] b.backend.service.game.GameServiceImpl   : Nihai se�enekler (P1:17, P2:16, Key:'relationship.indirect.found', Do�ru:'relationship.indirect.path_found') - Toplam: 4
2025-05-24T15:08:49.947+03:00  INFO 44720 --- [onPool-worker-2] b.backend.service.game.GameServiceImpl   : Ge�erli soru �retildi: ID 17_16, P1:17, P2:16, Zorluk: EASY, Cevap Key: relationship.indirect.found
2025-05-24T15:08:50.319+03:00  INFO 44720 --- [onPool-worker-2] b.backend.service.game.GameServiceImpl   : �li�ki karma��kl���: P1:4, P2:53, �li�ki:'relationship.indirect.found', Kategori:other, Yol:5, Karma��kl�k:5
2025-05-24T15:08:50.420+03:00  INFO 44720 --- [onPool-worker-2] b.backend.service.game.GameServiceImpl   : �li�ki karma��kl���: P1:39, P2:6, �li�ki:'relationship.inlaw.mother', Kategori:inlaw, Yol:2, Karma��kl�k:3
2025-05-24T15:08:50.621+03:00  INFO 44720 --- [onPool-worker-2] b.backend.service.game.GameServiceImpl   : �li�ki karma��kl���: P1:11, P2:9, �li�ki:'relationship.indirect.found', Kategori:other, Yol:4, Karma��kl�k:4
2025-05-24T15:08:50.786+03:00  INFO 44720 --- [onPool-worker-2] b.backend.service.game.GameServiceImpl   : �li�ki karma��kl���: P1:37, P2:8, �li�ki:'relationship.indirect.found', Kategori:other, Yol:5, Karma��kl�k:5
2025-05-24T15:08:51.135+03:00  INFO 44720 --- [onPool-worker-2] b.backend.service.game.GameServiceImpl   : �li�ki karma��kl���: P1:3, P2:29, �li�ki:'relationship.grandchild', Kategori:grandchild, Yol:2, Karma��kl�k:2
2025-05-24T15:08:51.136+03:00  INFO 44720 --- [onPool-worker-2] b.backend.service.game.GameServiceImpl   : Nihai se�enekler (P1:3, P2:29, Key:'relationship.grandchild', Do�ru:'relationship.grandchild') - Toplam: 4
2025-05-24T15:08:51.138+03:00  INFO 44720 --- [onPool-worker-2] b.backend.service.game.GameServiceImpl   : Ge�erli soru �retildi: ID 3_29, P1:3, P2:29, Zorluk: EASY, Cevap Key: relationship.grandchild
2025-05-24T15:08:51.249+03:00  INFO 44720 --- [onPool-worker-2] b.backend.service.game.GameServiceImpl   : �li�ki karma��kl���: P1:9, P2:26, �li�ki:'relationship.indirect.found', Kategori:other, Yol:3, Karma��kl�k:3
2025-05-24T15:08:51.605+03:00  INFO 44720 --- [onPool-worker-2] b.backend.service.game.GameServiceImpl   : �li�ki karma��kl���: P1:30, P2:28, �li�ki:'relationship.indirect.found', Kategori:other, Yol:4, Karma��kl�k:4
]]></system-out>
    <system-err><![CDATA[Mockito is currently self-attaching to enable the inline-mock-maker. This will no longer work in future releases of the JDK. Please add Mockito as an agent to your build as described in Mockito's documentation: https://javadoc.io/doc/org.mockito/mockito-core/latest/org.mockito/org/mockito/Mockito.html#0.3
WARNING: A Java agent has been loaded dynamically (C:\Users\recte\.m2\repository\net\bytebuddy\byte-buddy-agent\1.17.5\byte-buddy-agent-1.17.5.jar)
WARNING: If a serviceability tool is in use, please run with -XX:+EnableDynamicAgentLoading to hide this warning
WARNING: If a serviceability tool is not in use, please run with -Djdk.instrument.traceUsage for more information
WARNING: Dynamic loading of agents will be disallowed by default in a future release
]]></system-err>
  </testcase>
</testsuite>